# JRE version: OpenJDK Runtime Environment (7.0_65-b32) (build 1.7.0_65-b32)
# Java VM: OpenJDK 64-Bit Server VM (24.65-b04 mixed mode linux-amd64 compressed oops)
Heap
 PSYoungGen      total 252416K, used 113556K [0x00000000eaa80000, 0x0000000100000000, 0x0000000100000000)
  eden space 155136K, 67% used [0x00000000eaa80000,0x00000000f105df70,0x00000000f4200000)
  from space 97280K, 9% used [0x00000000f4200000,0x00000000f4b071f0,0x00000000fa100000)
  to   space 96256K, 0% used [0x00000000fa200000,0x00000000fa200000,0x0000000100000000)
 ParOldGen       total 699392K, used 221241K [0x00000000bff80000, 0x00000000eaa80000, 0x00000000eaa80000)
  object space 699392K, 31% used [0x00000000bff80000,0x00000000cd78e430,0x00000000eaa80000)
 PSPermGen       total 135168K, used 135111K [0x00000000aff80000, 0x00000000b8380000, 0x00000000bff80000)
  object space 135168K, 99% used [0x00000000aff80000,0x00000000b8371c60,0x00000000b8380000)
GC Heap History (10 events):
Event: 199.070 GC heap before
{Heap before GC invocations=11 (full 0):
 PSYoungGen      total 244736K, used 159687K [0x00000000eaa80000, 0x0000000100000000, 0x0000000100000000)
  eden space 139264K, 100% used [0x00000000eaa80000,0x00000000f3280000,0x00000000f3280000)
  from space 105472K, 19% used [0x00000000f9900000,0x00000000facf1c48,0x0000000100000000)
  to   space 104960K, 0% used [0x00000000f3280000,0x00000000f3280000,0x00000000f9900000)
 ParOldGen       total 699392K, used 153862K [0x00000000bff80000, 0x00000000eaa80000, 0x00000000eaa80000)
  object space 699392K, 21% used [0x00000000bff80000,0x00000000c95c1938,0x00000000eaa80000)
 PSPermGen       total 111104K, used 110673K [0x00000000aff80000, 0x00000000b6c00000, 0x00000000bff80000)
  object space 111104K, 99% used [0x00000000aff80000,0x00000000b6b945e8,0x00000000b6c00000)
Event: 199.124 GC heap after
Heap after GC invocations=11 (full 0):
 PSYoungGen      total 244224K, used 37968K [0x00000000eaa80000, 0x0000000100000000, 0x0000000100000000)
  eden space 139264K, 0% used [0x00000000eaa80000,0x00000000eaa80000,0x00000000f3280000)
  from space 104960K, 36% used [0x00000000f3280000,0x00000000f57942a0,0x00000000f9900000)
  to   space 100864K, 0% used [0x00000000f9d80000,0x00000000f9d80000,0x0000000100000000)
 ParOldGen       total 699392K, used 172787K [0x00000000bff80000, 0x00000000eaa80000, 0x00000000eaa80000)
  object space 699392K, 24% used [0x00000000bff80000,0x00000000ca83cf10,0x00000000eaa80000)
 PSPermGen       total 111104K, used 110673K [0x00000000aff80000, 0x00000000b6c00000, 0x00000000bff80000)
  object space 111104K, 99% used [0x00000000aff80000,0x00000000b6b945e8,0x00000000b6c00000)
}
Event: 254.238 GC heap before
{Heap before GC invocations=12 (full 0):
 PSYoungGen      total 244224K, used 177232K [0x00000000eaa80000, 0x0000000100000000, 0x0000000100000000)
  eden space 139264K, 100% used [0x00000000eaa80000,0x00000000f3280000,0x00000000f3280000)
  from space 104960K, 36% used [0x00000000f3280000,0x00000000f57942a0,0x00000000f9900000)
  to   space 100864K, 0% used [0x00000000f9d80000,0x00000000f9d80000,0x0000000100000000)
 ParOldGen       total 699392K, used 172787K [0x00000000bff80000, 0x00000000eaa80000, 0x00000000eaa80000)
  object space 699392K, 24% used [0x00000000bff80000,0x00000000ca83cf10,0x00000000eaa80000)
 PSPermGen       total 111104K, used 110881K [0x00000000aff80000, 0x00000000b6c00000, 0x00000000bff80000)
  object space 111104K, 99% used [0x00000000aff80000,0x00000000b6bc84b0,0x00000000b6c00000)
Event: 254.290 GC heap after
Heap after GC invocations=12 (full 0):
 PSYoungGen      total 247808K, used 14066K [0x00000000eaa80000, 0x0000000100000000, 0x0000000100000000)
  eden space 146944K, 0% used [0x00000000eaa80000,0x00000000eaa80000,0x00000000f3a00000)
  from space 100864K, 13% used [0x00000000f9d80000,0x00000000fab3ca78,0x0000000100000000)
  to   space 101376K, 0% used [0x00000000f3a00000,0x00000000f3a00000,0x00000000f9d00000)
 ParOldGen       total 699392K, used 205389K [0x00000000bff80000, 0x00000000eaa80000, 0x00000000eaa80000)
  object space 699392K, 29% used [0x00000000bff80000,0x00000000cc813550,0x00000000eaa80000)
 PSPermGen       total 111104K, used 110881K [0x00000000aff80000, 0x00000000b6c00000, 0x00000000bff80000)
  object space 111104K, 99% used [0x00000000aff80000,0x00000000b6bc84b0,0x00000000b6c00000)
}
Event: 255.625 GC heap before
{Heap before GC invocations=13 (full 0):
 PSYoungGen      total 247808K, used 161010K [0x00000000eaa80000, 0x0000000100000000, 0x0000000100000000)
  eden space 146944K, 100% used [0x00000000eaa80000,0x00000000f3a00000,0x00000000f3a00000)
  from space 100864K, 13% used [0x00000000f9d80000,0x00000000fab3ca78,0x0000000100000000)
  to   space 101376K, 0% used [0x00000000f3a00000,0x00000000f3a00000,0x00000000f9d00000)
 ParOldGen       total 699392K, used 205389K [0x00000000bff80000, 0x00000000eaa80000, 0x00000000eaa80000)
  object space 699392K, 29% used [0x00000000bff80000,0x00000000cc813550,0x00000000eaa80000)
 PSPermGen       total 111616K, used 111401K [0x00000000aff80000, 0x00000000b6c80000, 0x00000000bff80000)
  object space 111616K, 99% used [0x00000000aff80000,0x00000000b6c4a538,0x00000000b6c80000)
Event: 255.673 GC heap after
Heap after GC invocations=13 (full 0):
 PSYoungGen      total 248320K, used 38905K [0x00000000eaa80000, 0x0000000100000000, 0x0000000100000000)
  eden space 146944K, 0% used [0x00000000eaa80000,0x00000000eaa80000,0x00000000f3a00000)
  from space 101376K, 38% used [0x00000000f3a00000,0x00000000f5ffe4a0,0x00000000f9d00000)
  to   space 96256K, 0% used [0x00000000fa200000,0x00000000fa200000,0x0000000100000000)
 ParOldGen       total 699392K, used 218122K [0x00000000bff80000, 0x00000000eaa80000, 0x00000000eaa80000)
  object space 699392K, 31% used [0x00000000bff80000,0x00000000cd482a28,0x00000000eaa80000)
 PSPermGen       total 111616K, used 111401K [0x00000000aff80000, 0x00000000b6c80000, 0x00000000bff80000)
  object space 111616K, 99% used [0x00000000aff80000,0x00000000b6c4a538,0x00000000b6c80000)
}
Event: 258.826 GC heap before
{Heap before GC invocations=14 (full 0):
 PSYoungGen      total 248320K, used 185849K [0x00000000eaa80000, 0x0000000100000000, 0x0000000100000000)
  eden space 146944K, 100% used [0x00000000eaa80000,0x00000000f3a00000,0x00000000f3a00000)
  from space 101376K, 38% used [0x00000000f3a00000,0x00000000f5ffe4a0,0x00000000f9d00000)
  to   space 96256K, 0% used [0x00000000fa200000,0x00000000fa200000,0x0000000100000000)
 ParOldGen       total 699392K, used 218122K [0x00000000bff80000, 0x00000000eaa80000, 0x00000000eaa80000)
  object space 699392K, 31% used [0x00000000bff80000,0x00000000cd482a28,0x00000000eaa80000)
 PSPermGen       total 115200K, used 115038K [0x00000000aff80000, 0x00000000b7000000, 0x00000000bff80000)
  object space 115200K, 99% used [0x00000000aff80000,0x00000000b6fd7bf8,0x00000000b7000000)
Event: 258.834 GC heap after
Heap after GC invocations=14 (full 0):
 PSYoungGen      total 251392K, used 6246K [0x00000000eaa80000, 0x0000000100000000, 0x0000000100000000)
  eden space 155136K, 0% used [0x00000000eaa80000,0x00000000eaa80000,0x00000000f4200000)
  from space 96256K, 6% used [0x00000000fa200000,0x00000000fa819bc8,0x0000000100000000)
  to   space 97280K, 0% used [0x00000000f4200000,0x00000000f4200000,0x00000000fa100000)
 ParOldGen       total 699392K, used 218658K [0x00000000bff80000, 0x00000000eaa80000, 0x00000000eaa80000)
  object space 699392K, 31% used [0x00000000bff80000,0x00000000cd508a98,0x00000000eaa80000)
 PSPermGen       total 115200K, used 115038K [0x00000000aff80000, 0x00000000b7000000, 0x00000000bff80000)
  object space 115200K, 99% used [0x00000000aff80000,0x00000000b6fd7bf8,0x00000000b7000000)
}
Event: 278.861 GC heap before
{Heap before GC invocations=15 (full 0):
 PSYoungGen      total 251392K, used 161382K [0x00000000eaa80000, 0x0000000100000000, 0x0000000100000000)
  eden space 155136K, 100% used [0x00000000eaa80000,0x00000000f4200000,0x00000000f4200000)
  from space 96256K, 6% used [0x00000000fa200000,0x00000000fa819bc8,0x0000000100000000)
  to   space 97280K, 0% used [0x00000000f4200000,0x00000000f4200000,0x00000000fa100000)
 ParOldGen       total 699392K, used 218658K [0x00000000bff80000, 0x00000000eaa80000, 0x00000000eaa80000)
  object space 699392K, 31% used [0x00000000bff80000,0x00000000cd508a98,0x00000000eaa80000)
 PSPermGen       total 121344K, used 121302K [0x00000000aff80000, 0x00000000b7600000, 0x00000000bff80000)
  object space 121344K, 99% used [0x00000000aff80000,0x00000000b75f5a98,0x00000000b7600000)
Event: 278.875 GC heap after
Heap after GC invocations=15 (full 0):
 PSYoungGen      total 252416K, used 9244K [0x00000000eaa80000, 0x0000000100000000, 0x0000000100000000)
  eden space 155136K, 0% used [0x00000000eaa80000,0x00000000eaa80000,0x00000000f4200000)
  from space 97280K, 9% used [0x00000000f4200000,0x00000000f4b071f0,0x00000000fa100000)
  to   space 96256K, 0% used [0x00000000fa200000,0x00000000fa200000,0x0000000100000000)
 ParOldGen       total 699392K, used 221241K [0x00000000bff80000, 0x00000000eaa80000, 0x00000000eaa80000)
  object space 699392K, 31% used [0x00000000bff80000,0x00000000cd78e430,0x00000000eaa80000)
 PSPermGen       total 121344K, used 121302K [0x00000000aff80000, 0x00000000b7600000, 0x00000000bff80000)
  object space 121344K, 99% used [0x00000000aff80000,0x00000000b75f5a98,0x00000000b7600000)
}

