# JRE version: OpenJDK Runtime Environment (7.0_65-b32) (build 1.7.0_65-b32)
# Java VM: OpenJDK 64-Bit Server VM (24.65-b04 mixed mode linux-amd64 compressed oops)
Heap
 PSYoungGen      total 306176K, used 208398K [0x00000000eaa80000, 0x0000000100000000, 0x0000000100000000)
  eden space 262656K, 63% used [0x00000000eaa80000,0x00000000f4d646a0,0x00000000fab00000)
  from space 43520K, 95% used [0x00000000fab00000,0x00000000fd39f450,0x00000000fd580000)
  to   space 43520K, 0% used [0x00000000fd580000,0x00000000fd580000,0x0000000100000000)
 ParOldGen       total 699392K, used 24K [0x00000000bff80000, 0x00000000eaa80000, 0x00000000eaa80000)
  object space 699392K, 0% used [0x00000000bff80000,0x00000000bff86000,0x00000000eaa80000)
 PSPermGen       total 86528K, used 86037K [0x00000000aff80000, 0x00000000b5400000, 0x00000000bff80000)
  object space 86528K, 99% used [0x00000000aff80000,0x00000000b53857b8,0x00000000b5400000)
GC Heap History (6 events):
Event: 3.781 GC heap before
{Heap before GC invocations=1 (full 0):
 PSYoungGen      total 306176K, used 262656K [0x00000000eaa80000, 0x0000000100000000, 0x0000000100000000)
  eden space 262656K, 100% used [0x00000000eaa80000,0x00000000fab00000,0x00000000fab00000)
  from space 43520K, 0% used [0x00000000fd580000,0x00000000fd580000,0x0000000100000000)
  to   space 43520K, 0% used [0x00000000fab00000,0x00000000fab00000,0x00000000fd580000)
 ParOldGen       total 699392K, used 0K [0x00000000bff80000, 0x00000000eaa80000, 0x00000000eaa80000)
  object space 699392K, 0% used [0x00000000bff80000,0x00000000bff80000,0x00000000eaa80000)
 PSPermGen       total 65536K, used 36483K [0x00000000aff80000, 0x00000000b3f80000, 0x00000000bff80000)
  object space 65536K, 55% used [0x00000000aff80000,0x00000000b2320e98,0x00000000b3f80000)
Event: 3.811 GC heap after
Heap after GC invocations=1 (full 0):
 PSYoungGen      total 306176K, used 29351K [0x00000000eaa80000, 0x0000000100000000, 0x0000000100000000)
  eden space 262656K, 0% used [0x00000000eaa80000,0x00000000eaa80000,0x00000000fab00000)
  from space 43520K, 67% used [0x00000000fab00000,0x00000000fc7a9e80,0x00000000fd580000)
  to   space 43520K, 0% used [0x00000000fd580000,0x00000000fd580000,0x0000000100000000)
 ParOldGen       total 699392K, used 8K [0x00000000bff80000, 0x00000000eaa80000, 0x00000000eaa80000)
  object space 699392K, 0% used [0x00000000bff80000,0x00000000bff82000,0x00000000eaa80000)
 PSPermGen       total 65536K, used 36483K [0x00000000aff80000, 0x00000000b3f80000, 0x00000000bff80000)
  object space 65536K, 55% used [0x00000000aff80000,0x00000000b2320e98,0x00000000b3f80000)
}
Event: 9.732 GC heap before
{Heap before GC invocations=2 (full 0):
 PSYoungGen      total 306176K, used 292007K [0x00000000eaa80000, 0x0000000100000000, 0x0000000100000000)
  eden space 262656K, 100% used [0x00000000eaa80000,0x00000000fab00000,0x00000000fab00000)
  from space 43520K, 67% used [0x00000000fab00000,0x00000000fc7a9e80,0x00000000fd580000)
  to   space 43520K, 0% used [0x00000000fd580000,0x00000000fd580000,0x0000000100000000)
 ParOldGen       total 699392K, used 8K [0x00000000bff80000, 0x00000000eaa80000, 0x00000000eaa80000)
  object space 699392K, 0% used [0x00000000bff80000,0x00000000bff82000,0x00000000eaa80000)
 PSPermGen       total 65536K, used 50222K [0x00000000aff80000, 0x00000000b3f80000, 0x00000000bff80000)
  object space 65536K, 76% used [0x00000000aff80000,0x00000000b308b8f8,0x00000000b3f80000)
Event: 9.765 GC heap after
Heap after GC invocations=2 (full 0):
 PSYoungGen      total 306176K, used 24742K [0x00000000eaa80000, 0x0000000100000000, 0x0000000100000000)
  eden space 262656K, 0% used [0x00000000eaa80000,0x00000000eaa80000,0x00000000fab00000)
  from space 43520K, 56% used [0x00000000fd580000,0x00000000feda98e0,0x0000000100000000)
  to   space 43520K, 0% used [0x00000000fab00000,0x00000000fab00000,0x00000000fd580000)
 ParOldGen       total 699392K, used 16K [0x00000000bff80000, 0x00000000eaa80000, 0x00000000eaa80000)
  object space 699392K, 0% used [0x00000000bff80000,0x00000000bff84000,0x00000000eaa80000)
 PSPermGen       total 65536K, used 50222K [0x00000000aff80000, 0x00000000b3f80000, 0x00000000bff80000)
  object space 65536K, 76% used [0x00000000aff80000,0x00000000b308b8f8,0x00000000b3f80000)
}
Event: 24.014 GC heap before
{Heap before GC invocations=3 (full 0):
 PSYoungGen      total 306176K, used 287398K [0x00000000eaa80000, 0x0000000100000000, 0x0000000100000000)
  eden space 262656K, 100% used [0x00000000eaa80000,0x00000000fab00000,0x00000000fab00000)
  from space 43520K, 56% used [0x00000000fd580000,0x00000000feda98e0,0x0000000100000000)
  to   space 43520K, 0% used [0x00000000fab00000,0x00000000fab00000,0x00000000fd580000)
 ParOldGen       total 699392K, used 16K [0x00000000bff80000, 0x00000000eaa80000, 0x00000000eaa80000)
  object space 699392K, 0% used [0x00000000bff80000,0x00000000bff84000,0x00000000eaa80000)
 PSPermGen       total 71680K, used 71435K [0x00000000aff80000, 0x00000000b4580000, 0x00000000bff80000)
  object space 71680K, 99% used [0x00000000aff80000,0x00000000b4542f40,0x00000000b4580000)
Event: 24.049 GC heap after
Heap after GC invocations=3 (full 0):
 PSYoungGen      total 306176K, used 41597K [0x00000000eaa80000, 0x0000000100000000, 0x0000000100000000)
  eden space 262656K, 0% used [0x00000000eaa80000,0x00000000eaa80000,0x00000000fab00000)
  from space 43520K, 95% used [0x00000000fab00000,0x00000000fd39f450,0x00000000fd580000)
  to   space 43520K, 0% used [0x00000000fd580000,0x00000000fd580000,0x0000000100000000)
 ParOldGen       total 699392K, used 24K [0x00000000bff80000, 0x00000000eaa80000, 0x00000000eaa80000)
  object space 699392K, 0% used [0x00000000bff80000,0x00000000bff86000,0x00000000eaa80000)
 PSPermGen       total 71680K, used 71435K [0x00000000aff80000, 0x00000000b4580000, 0x00000000bff80000)
  object space 71680K, 99% used [0x00000000aff80000,0x00000000b4542f40,0x00000000b4580000)
}

